c:\users\izzyf\documents\github\learnsdl\learnsdl\x64\debug\vc141.pdb
c:\users\izzyf\documents\github\learnsdl\learnsdl\x64\debug\vc141.idb
c:\users\izzyf\documents\github\learnsdl\learnsdl\x64\debug\enemy.obj
c:\users\izzyf\documents\github\learnsdl\learnsdl\x64\debug\game.obj
c:\users\izzyf\documents\github\learnsdl\learnsdl\x64\debug\gameobject.obj
c:\users\izzyf\documents\github\learnsdl\learnsdl\x64\debug\main.obj
c:\users\izzyf\documents\github\learnsdl\learnsdl\x64\debug\player.obj
c:\users\izzyf\documents\github\learnsdl\learnsdl\x64\debug\sdlgameobject.obj
c:\users\izzyf\documents\github\learnsdl\learnsdl\x64\debug\texturemanager.obj
c:\users\izzyf\documents\github\learnsdl\learnsdl\x64\debug\inputhandler.obj
c:\users\izzyf\documents\github\learnsdl\x64\debug\learnsdl.lib
c:\users\izzyf\documents\github\learnsdl\x64\debug\learnsdl.exp
c:\users\izzyf\documents\github\learnsdl\x64\debug\learnsdl.ilk
c:\users\izzyf\documents\github\learnsdl\x64\debug\learnsdl.exe
c:\users\izzyf\documents\github\learnsdl\x64\debug\learnsdl.pdb
c:\users\izzyf\documents\github\learnsdl\learnsdl\x64\debug\learnsdl.tlog\cl.command.1.tlog
c:\users\izzyf\documents\github\learnsdl\learnsdl\x64\debug\learnsdl.tlog\cl.read.1.tlog
c:\users\izzyf\documents\github\learnsdl\learnsdl\x64\debug\learnsdl.tlog\cl.write.1.tlog
c:\users\izzyf\documents\github\learnsdl\learnsdl\x64\debug\learnsdl.tlog\learnsdl.write.1u.tlog
c:\users\izzyf\documents\github\learnsdl\learnsdl\x64\debug\learnsdl.tlog\link.command.1.tlog
c:\users\izzyf\documents\github\learnsdl\learnsdl\x64\debug\learnsdl.tlog\link.read.1.tlog
c:\users\izzyf\documents\github\learnsdl\learnsdl\x64\debug\learnsdl.tlog\link.write.1.tlog
